android/app/build/intermediates/manifest_merge_blame_file/debug/manifest-merger-blame-debug-report.txt
1<?xml version="1.0" encoding="utf-8"?>
2<manifest xmlns:android="http://schemas.android.com/apk/res/android"
3    package="com.fairyhub.app"
4    android:versionCode="17"
5    android:versionName="1.6.1" >
6
7    <uses-sdk
8        android:minSdkVersion="21"
9        android:targetSdkVersion="30" />
10
11    <uses-permission android:name="android.permission.SYSTEM_ALERT_WINDOW" />
11-->src\debug\AndroidManifest.xml:5:5-77
11-->src\debug\AndroidManifest.xml:5:22-75
12
13    <queries>
13-->src\main\AndroidManifest.xml:3:1-12:12
14        <intent>
14-->src\main\AndroidManifest.xml:4:7-7:16
15            <action android:name="android.intent.action.VIEW" />
15-->src\main\AndroidManifest.xml:5:11-63
15-->src\main\AndroidManifest.xml:5:19-60
16
17            <data android:scheme="http" />
17-->src\main\AndroidManifest.xml:6:11-41
17-->src\main\AndroidManifest.xml:6:17-38
18        </intent>
19        <intent>
19-->src\main\AndroidManifest.xml:8:7-11:16
20            <action android:name="android.intent.action.VIEW" />
20-->src\main\AndroidManifest.xml:5:11-63
20-->src\main\AndroidManifest.xml:5:19-60
21
22            <data
22-->src\main\AndroidManifest.xml:6:11-41
23                android:host="*"
24                android:scheme="https" />
24-->src\main\AndroidManifest.xml:6:17-38
25        </intent>
26    </queries>
27
28    <uses-permission android:name="android.permission.INTERNET" />
28-->src\main\AndroidManifest.xml:13:5-67
28-->src\main\AndroidManifest.xml:13:22-64
29    <uses-permission android:name="android.permission.USE_BIOMETRIC" />
29-->src\main\AndroidManifest.xml:14:5-72
29-->src\main\AndroidManifest.xml:14:22-69
30    <uses-permission android:name="android.permission.ACCESS_WIFI_STATE" />
30-->[com.facebook.flipper:flipper:0.99.0] AndroidManifest.xml:16:5-76
30-->[com.facebook.flipper:flipper:0.99.0] AndroidManifest.xml:16:22-73
31    <uses-permission android:name="android.permission.ACCESS_NETWORK_STATE" />
31-->[:react-native-community_netinfo] AndroidManifest.xml:9:5-79
31-->[:react-native-community_netinfo] AndroidManifest.xml:9:22-76
32    <uses-permission android:name="android.permission.WAKE_LOCK" />
32-->[:react-native-firebase_analytics] AndroidManifest.xml:11:5-68
32-->[:react-native-firebase_analytics] AndroidManifest.xml:11:22-65
33    <uses-permission android:name="android.permission.USE_FINGERPRINT" />
33-->[:react-native-fingerprint-scanner] AndroidManifest.xml:9:5-74
33-->[:react-native-fingerprint-scanner] AndroidManifest.xml:9:22-71
34    <uses-permission android:name="com.fingerprints.service.ACCESS_FINGERPRINT_MANAGER" />
34-->[:react-native-fingerprint-scanner] AndroidManifest.xml:11:5-91
34-->[:react-native-fingerprint-scanner] AndroidManifest.xml:11:22-88
35    <uses-permission android:name="com.samsung.android.providers.context.permission.WRITE_USE_APP_FEATURE_SURVEY" />
35-->[:react-native-fingerprint-scanner] AndroidManifest.xml:12:5-117
35-->[:react-native-fingerprint-scanner] AndroidManifest.xml:12:22-114
36    <uses-permission android:name="android.permission.WRITE_EXTERNAL_STORAGE" /> <!-- Required to access Google Play Licensing -->
36-->[:react-native-share] AndroidManifest.xml:9:5-81
36-->[:react-native-share] AndroidManifest.xml:9:22-78
37    <uses-permission android:name="com.android.vending.CHECK_LICENSE" /> <!-- Create a unique permission for your app and use it so only your app can receive your OneSignal messages. -->
37-->[:rn-fetch-blob] AndroidManifest.xml:10:5-73
37-->[:rn-fetch-blob] AndroidManifest.xml:10:22-70
38    <permission
38-->[com.onesignal:OneSignal:4.7.2] AndroidManifest.xml:7:5-9:47
39        android:name="com.fairyhub.app.permission.C2D_MESSAGE"
39-->[com.onesignal:OneSignal:4.7.2] AndroidManifest.xml:8:9-63
40        android:protectionLevel="signature" />
40-->[com.onesignal:OneSignal:4.7.2] AndroidManifest.xml:9:9-44
41
42    <uses-permission android:name="com.fairyhub.app.permission.C2D_MESSAGE" /> <!-- c2dm RECEIVE are basic requirements for push messages through Google's FCM -->
42-->[com.onesignal:OneSignal:4.7.2] AndroidManifest.xml:11:5-79
42-->[com.onesignal:OneSignal:4.7.2] AndroidManifest.xml:11:22-76
43    <uses-permission android:name="com.google.android.c2dm.permission.RECEIVE" />
43-->[com.onesignal:OneSignal:4.7.2] AndroidManifest.xml:17:5-82
43-->[com.onesignal:OneSignal:4.7.2] AndroidManifest.xml:17:22-79
44    <!--
45 Required so the device vibrates on receiving a push notification.
46         Vibration settings of the device still apply.
47    -->
48    <uses-permission android:name="android.permission.VIBRATE" />
48-->[com.onesignal:OneSignal:4.7.2] AndroidManifest.xml:23:5-66
48-->[com.onesignal:OneSignal:4.7.2] AndroidManifest.xml:23:22-63
49    <!--
50 Use to restore notifications the user hasn't interacted with.
51         They could be missed notifications if the user reboots their device if this isn't in place.
52    -->
53    <uses-permission android:name="android.permission.RECEIVE_BOOT_COMPLETED" /> <!-- START: ShortcutBadger -->
53-->[com.onesignal:OneSignal:4.7.2] AndroidManifest.xml:29:5-81
53-->[com.onesignal:OneSignal:4.7.2] AndroidManifest.xml:29:22-78
54    <!-- Samsung -->
55    <uses-permission android:name="com.sec.android.provider.badge.permission.READ" />
55-->[com.onesignal:OneSignal:4.7.2] AndroidManifest.xml:31:5-86
55-->[com.onesignal:OneSignal:4.7.2] AndroidManifest.xml:31:22-83
56    <uses-permission android:name="com.sec.android.provider.badge.permission.WRITE" /> <!-- HTC -->
56-->[com.onesignal:OneSignal:4.7.2] AndroidManifest.xml:32:5-87
56-->[com.onesignal:OneSignal:4.7.2] AndroidManifest.xml:32:22-84
57    <uses-permission android:name="com.htc.launcher.permission.READ_SETTINGS" />
57-->[com.onesignal:OneSignal:4.7.2] AndroidManifest.xml:33:5-81
57-->[com.onesignal:OneSignal:4.7.2] AndroidManifest.xml:33:22-78
58    <uses-permission android:name="com.htc.launcher.permission.UPDATE_SHORTCUT" /> <!-- Sony -->
58-->[com.onesignal:OneSignal:4.7.2] AndroidManifest.xml:34:5-83
58-->[com.onesignal:OneSignal:4.7.2] AndroidManifest.xml:34:22-80
59    <uses-permission android:name="com.sonyericsson.home.permission.BROADCAST_BADGE" />
59-->[com.onesignal:OneSignal:4.7.2] AndroidManifest.xml:35:5-88
59-->[com.onesignal:OneSignal:4.7.2] AndroidManifest.xml:35:22-85
60    <uses-permission android:name="com.sonymobile.home.permission.PROVIDER_INSERT_BADGE" /> <!-- Apex -->
60-->[com.onesignal:OneSignal:4.7.2] AndroidManifest.xml:36:5-92
60-->[com.onesignal:OneSignal:4.7.2] AndroidManifest.xml:36:22-89
61    <uses-permission android:name="com.anddoes.launcher.permission.UPDATE_COUNT" /> <!-- Solid -->
61-->[com.onesignal:OneSignal:4.7.2] AndroidManifest.xml:37:5-84
61-->[com.onesignal:OneSignal:4.7.2] AndroidManifest.xml:37:22-81
62    <uses-permission android:name="com.majeur.launcher.permission.UPDATE_BADGE" /> <!-- Huawei -->
62-->[com.onesignal:OneSignal:4.7.2] AndroidManifest.xml:38:5-83
62-->[com.onesignal:OneSignal:4.7.2] AndroidManifest.xml:38:22-80
63    <uses-permission android:name="com.huawei.android.launcher.permission.CHANGE_BADGE" />
63-->[com.onesignal:OneSignal:4.7.2] AndroidManifest.xml:39:5-91
63-->[com.onesignal:OneSignal:4.7.2] AndroidManifest.xml:39:22-88
64    <uses-permission android:name="com.huawei.android.launcher.permission.READ_SETTINGS" />
64-->[com.onesignal:OneSignal:4.7.2] AndroidManifest.xml:40:5-92
64-->[com.onesignal:OneSignal:4.7.2] AndroidManifest.xml:40:22-89
65    <uses-permission android:name="com.huawei.android.launcher.permission.WRITE_SETTINGS" /> <!-- ZUK -->
65-->[com.onesignal:OneSignal:4.7.2] AndroidManifest.xml:41:5-93
65-->[com.onesignal:OneSignal:4.7.2] AndroidManifest.xml:41:22-90
66    <uses-permission android:name="android.permission.READ_APP_BADGE" /> <!-- OPPO -->
66-->[com.onesignal:OneSignal:4.7.2] AndroidManifest.xml:42:5-73
66-->[com.onesignal:OneSignal:4.7.2] AndroidManifest.xml:42:22-70
67    <uses-permission android:name="com.oppo.launcher.permission.READ_SETTINGS" />
67-->[com.onesignal:OneSignal:4.7.2] AndroidManifest.xml:43:5-82
67-->[com.onesignal:OneSignal:4.7.2] AndroidManifest.xml:43:22-79
68    <uses-permission android:name="com.oppo.launcher.permission.WRITE_SETTINGS" /> <!-- EvMe -->
68-->[com.onesignal:OneSignal:4.7.2] AndroidManifest.xml:44:5-83
68-->[com.onesignal:OneSignal:4.7.2] AndroidManifest.xml:44:22-80
69    <uses-permission android:name="me.everything.badger.permission.BADGE_COUNT_READ" />
69-->[com.onesignal:OneSignal:4.7.2] AndroidManifest.xml:45:5-88
69-->[com.onesignal:OneSignal:4.7.2] AndroidManifest.xml:45:22-85
70    <uses-permission android:name="me.everything.badger.permission.BADGE_COUNT_WRITE" />
70-->[com.onesignal:OneSignal:4.7.2] AndroidManifest.xml:46:5-89
70-->[com.onesignal:OneSignal:4.7.2] AndroidManifest.xml:46:22-86
71    <uses-permission android:name="android.permission.FOREGROUND_SERVICE" />
71-->[androidx.work:work-runtime:2.6.0] AndroidManifest.xml:28:5-77
71-->[androidx.work:work-runtime:2.6.0] AndroidManifest.xml:28:22-74
72    <uses-permission android:name="com.google.android.finsky.permission.BIND_GET_INSTALL_REFERRER_SERVICE" />
72-->[com.google.android.gms:play-services-measurement:18.0.2] AndroidManifest.xml:26:5-110
72-->[com.google.android.gms:play-services-measurement:18.0.2] AndroidManifest.xml:26:22-107
73
74    <application
74-->src\main\AndroidManifest.xml:16:5-90:19
75        android:name="com.fairyhub.MainApplication"
75-->src\main\AndroidManifest.xml:17:7-38
76        android:allowBackup="false"
76-->src\main\AndroidManifest.xml:21:7-34
77        android:appComponentFactory="androidx.core.app.CoreComponentFactory"
77-->[androidx.core:core:1.5.0] AndroidManifest.xml:24:18-86
78        android:debuggable="true"
79        android:icon="@mipmap/ic_launcher"
79-->src\main\AndroidManifest.xml:19:7-41
80        android:label="@string/app_name"
80-->src\main\AndroidManifest.xml:18:7-39
81        android:roundIcon="@mipmap/ic_launcher_round"
81-->src\main\AndroidManifest.xml:20:7-52
82        android:supportsRtl="true"
82-->[com.facebook.android:facebook-login:5.15.3] AndroidManifest.xml:28:18-44
83        android:testOnly="true"
84        android:theme="@style/AppTheme"
84-->src\main\AndroidManifest.xml:22:7-38
85        android:usesCleartextTraffic="true" >
85-->src\debug\AndroidManifest.xml:8:9-44
86        <activity android:name="com.facebook.react.devsupport.DevSettingsActivity" />
86-->src\main\AndroidManifest.xml:88:9-86
86-->src\main\AndroidManifest.xml:88:19-83
87
88        <meta-data
88-->src\main\AndroidManifest.xml:23:7-25:71
89            android:name="com.google.android.geo.API_KEY"
89-->src\main\AndroidManifest.xml:24:13-58
90            android:value="AIzaSyAAj8OmnasC9Y-SeTBEf00q6KdIYccQOWA" /> <!-- You will also only need to add this uses-library tag -->
90-->src\main\AndroidManifest.xml:25:13-68
91        <uses-library
91-->src\main\AndroidManifest.xml:27:9-29:40
92            android:name="org.apache.http.legacy"
92-->src\main\AndroidManifest.xml:28:13-50
93            android:required="false" />
93-->src\main\AndroidManifest.xml:29:13-37
94
95        <activity
95-->src\main\AndroidManifest.xml:32:7-81:18
96            android:name="com.fairyhub.MainActivity"
96-->src\main\AndroidManifest.xml:33:9-37
97            android:configChanges="keyboard|keyboardHidden|orientation|screenSize|uiMode"
97-->src\main\AndroidManifest.xml:35:9-86
98            android:label="@string/app_name"
98-->src\main\AndroidManifest.xml:34:9-41
99            android:launchMode="singleTask"
99-->src\main\AndroidManifest.xml:36:9-40
100            android:windowSoftInputMode="adjustResize" >
100-->src\main\AndroidManifest.xml:37:9-51
101            <intent-filter>
101-->src\main\AndroidManifest.xml:40:9-43:25
102                <action android:name="android.intent.action.MAIN" />
102-->src\main\AndroidManifest.xml:41:13-65
102-->src\main\AndroidManifest.xml:41:21-62
103
104                <category android:name="android.intent.category.LAUNCHER" />
104-->src\main\AndroidManifest.xml:42:13-73
104-->src\main\AndroidManifest.xml:42:23-70
105            </intent-filter>
106            <intent-filter android:autoVerify="true" >
106-->src\main\AndroidManifest.xml:45:9-56:29
106-->src\main\AndroidManifest.xml:45:24-49
107                <action android:name="android.intent.action.VIEW" />
107-->src\main\AndroidManifest.xml:5:11-63
107-->src\main\AndroidManifest.xml:5:19-60
108
109                <category android:name="android.intent.category.DEFAULT" />
109-->src\main\AndroidManifest.xml:48:17-76
109-->src\main\AndroidManifest.xml:48:27-73
110                <category android:name="android.intent.category.BROWSABLE" />
110-->src\main\AndroidManifest.xml:49:17-78
110-->src\main\AndroidManifest.xml:49:27-75
111
112                <data
112-->src\main\AndroidManifest.xml:6:11-41
113                    android:host="web-staging.fairyhub.com"
114                    android:pathPrefix="/en/login"
115                    android:scheme="https" />
115-->src\main\AndroidManifest.xml:6:17-38
116            </intent-filter>
117            <intent-filter android:autoVerify="true" >
117-->src\main\AndroidManifest.xml:58:13-67:29
117-->src\main\AndroidManifest.xml:58:28-53
118                <action android:name="android.intent.action.VIEW" />
118-->src\main\AndroidManifest.xml:5:11-63
118-->src\main\AndroidManifest.xml:5:19-60
119
120                <category android:name="android.intent.category.DEFAULT" />
120-->src\main\AndroidManifest.xml:48:17-76
120-->src\main\AndroidManifest.xml:48:27-73
121                <category android:name="android.intent.category.BROWSABLE" />
121-->src\main\AndroidManifest.xml:49:17-78
121-->src\main\AndroidManifest.xml:49:27-75
122
123                <data
123-->src\main\AndroidManifest.xml:6:11-41
124                    android:host="web-uat.fairyhub.com"
125                    android:scheme="https" />
125-->src\main\AndroidManifest.xml:6:17-38
126            </intent-filter>
127            <intent-filter android:autoVerify="true" >
127-->src\main\AndroidManifest.xml:69:13-78:29
127-->src\main\AndroidManifest.xml:69:28-53
128                <action android:name="android.intent.action.VIEW" />
128-->src\main\AndroidManifest.xml:5:11-63
128-->src\main\AndroidManifest.xml:5:19-60
129
130                <category android:name="android.intent.category.DEFAULT" />
130-->src\main\AndroidManifest.xml:48:17-76
130-->src\main\AndroidManifest.xml:48:27-73
131                <category android:name="android.intent.category.BROWSABLE" />
131-->src\main\AndroidManifest.xml:49:17-78
131-->src\main\AndroidManifest.xml:49:27-75
132
133                <data
133-->src\main\AndroidManifest.xml:6:11-41
134                    android:host="www.fairyhub.com"
135                    android:scheme="https" />
135-->src\main\AndroidManifest.xml:6:17-38
136            </intent-filter>
137        </activity>
138
139        <meta-data
139-->src\main\AndroidManifest.xml:84:1-86:55
140            android:name="com.facebook.sdk.ApplicationId"
140-->src\main\AndroidManifest.xml:85:13-58
141            android:value="@string/facebook_app_id" />
141-->src\main\AndroidManifest.xml:86:13-52
142        <meta-data
142-->[:react-native-firebase_analytics] AndroidManifest.xml:14:9-16:36
143            android:name="firebase_analytics_collection_enabled"
143-->[:react-native-firebase_analytics] AndroidManifest.xml:15:13-65
144            android:value="true" />
144-->[:react-native-firebase_analytics] AndroidManifest.xml:16:13-33
145        <meta-data
145-->[:sentry_react-native] AndroidManifest.xml:13:9-15:37
146            android:name="io.sentry.auto-init"
146-->[:sentry_react-native] AndroidManifest.xml:14:13-47
147            android:value="false" />
147-->[:sentry_react-native] AndroidManifest.xml:15:13-34
148
149        <receiver
149-->[:react-native-adjust] AndroidManifest.xml:14:9-21:20
150            android:name="com.adjust.sdk.AdjustReferrerReceiver"
150-->[:react-native-adjust] AndroidManifest.xml:15:13-65
151            android:exported="true"
151-->[:react-native-adjust] AndroidManifest.xml:16:13-36
152            android:permission="android.permission.INSTALL_PACKAGES" >
152-->[:react-native-adjust] AndroidManifest.xml:17:13-69
153            <intent-filter>
153-->[:react-native-adjust] AndroidManifest.xml:18:13-20:29
154                <action android:name="com.android.vending.INSTALL_REFERRER" />
154-->[:react-native-adjust] AndroidManifest.xml:19:17-79
154-->[:react-native-adjust] AndroidManifest.xml:19:25-76
155            </intent-filter>
156        </receiver>
157        <receiver
157-->[:react-native-device-info] AndroidManifest.xml:11:9-20:20
158            android:name="com.learnium.RNDeviceInfo.RNDeviceReceiver"
158-->[:react-native-device-info] AndroidManifest.xml:12:13-70
159            android:enabled="true"
159-->[:react-native-device-info] AndroidManifest.xml:13:13-35
160            android:exported="true"
160-->[:react-native-device-info] AndroidManifest.xml:14:13-36
161            android:permission="android.permission.INSTALL_PACKAGES" >
161-->[:react-native-device-info] AndroidManifest.xml:15:13-69
162            <intent-filter>
162-->[:react-native-adjust] AndroidManifest.xml:18:13-20:29
163                <action android:name="com.android.vending.INSTALL_REFERRER" />
163-->[:react-native-adjust] AndroidManifest.xml:19:17-79
163-->[:react-native-adjust] AndroidManifest.xml:19:25-76
164            </intent-filter>
165        </receiver>
166
167        <provider
167-->[:react-native-share] AndroidManifest.xml:12:9-20:20
168            android:name="cl.json.RNShareFileProvider"
168-->[:react-native-share] AndroidManifest.xml:13:13-55
169            android:authorities="com.fairyhub.app.rnshare.fileprovider"
169-->[:react-native-share] AndroidManifest.xml:14:13-72
170            android:exported="false"
170-->[:react-native-share] AndroidManifest.xml:15:13-37
171            android:grantUriPermissions="true" >
171-->[:react-native-share] AndroidManifest.xml:16:13-47
172            <meta-data
172-->[:react-native-share] AndroidManifest.xml:17:13-19:64
173                android:name="android.support.FILE_PROVIDER_PATHS"
173-->[:react-native-share] AndroidManifest.xml:18:17-67
174                android:resource="@xml/share_download_paths" />
174-->[:react-native-share] AndroidManifest.xml:19:17-61
175        </provider>
176        <provider
176-->[:react-native-webview] AndroidManifest.xml:10:9-18:20
177            android:name="com.reactnativecommunity.webview.RNCWebViewFileProvider"
177-->[:react-native-webview] AndroidManifest.xml:11:13-83
178            android:authorities="com.fairyhub.app.fileprovider"
178-->[:react-native-webview] AndroidManifest.xml:12:13-64
179            android:exported="false"
179-->[:react-native-webview] AndroidManifest.xml:13:13-37
180            android:grantUriPermissions="true" >
180-->[:react-native-webview] AndroidManifest.xml:14:13-47
181            <meta-data
181-->[:react-native-share] AndroidManifest.xml:17:13-19:64
182                android:name="android.support.FILE_PROVIDER_PATHS"
182-->[:react-native-share] AndroidManifest.xml:18:17-67
183                android:resource="@xml/file_provider_paths" />
183-->[:react-native-share] AndroidManifest.xml:19:17-61
184        </provider>
185        <provider
185-->[:rn-fetch-blob] AndroidManifest.xml:34:9-42:20
186            android:name="com.RNFetchBlob.Utils.FileProvider"
186-->[:rn-fetch-blob] AndroidManifest.xml:35:13-62
187            android:authorities="com.fairyhub.app.provider"
187-->[:rn-fetch-blob] AndroidManifest.xml:36:13-60
188            android:exported="false"
188-->[:rn-fetch-blob] AndroidManifest.xml:37:13-37
189            android:grantUriPermissions="true" >
189-->[:rn-fetch-blob] AndroidManifest.xml:38:13-47
190            <meta-data
190-->[:react-native-share] AndroidManifest.xml:17:13-19:64
191                android:name="android.support.FILE_PROVIDER_PATHS"
191-->[:react-native-share] AndroidManifest.xml:18:17-67
192                android:resource="@xml/provider_paths" />
192-->[:react-native-share] AndroidManifest.xml:19:17-61
193        </provider>
194
195        <receiver
195-->[com.onesignal:OneSignal:4.7.2] AndroidManifest.xml:49:9-60:20
196            android:name="com.onesignal.FCMBroadcastReceiver"
196-->[com.onesignal:OneSignal:4.7.2] AndroidManifest.xml:50:13-62
197            android:exported="true"
197-->[com.onesignal:OneSignal:4.7.2] AndroidManifest.xml:51:13-36
198            android:permission="com.google.android.c2dm.permission.SEND" >
198-->[com.onesignal:OneSignal:4.7.2] AndroidManifest.xml:52:13-73
199
200            <!-- High priority so OneSignal payloads can be filtered from other FCM receivers -->
201            <intent-filter android:priority="999" >
201-->[com.onesignal:OneSignal:4.7.2] AndroidManifest.xml:55:13-59:29
201-->[com.onesignal:OneSignal:4.7.2] AndroidManifest.xml:55:28-50
202                <action android:name="com.google.android.c2dm.intent.RECEIVE" />
202-->[com.onesignal:OneSignal:4.7.2] AndroidManifest.xml:56:17-81
202-->[com.onesignal:OneSignal:4.7.2] AndroidManifest.xml:56:25-78
203
204                <category android:name="com.fairyhub.app" />
204-->[com.onesignal:OneSignal:4.7.2] AndroidManifest.xml:58:17-61
204-->[com.onesignal:OneSignal:4.7.2] AndroidManifest.xml:58:27-58
205            </intent-filter>
206        </receiver>
207
208        <service
208-->[com.onesignal:OneSignal:4.7.2] AndroidManifest.xml:62:9-68:19
209            android:name="com.onesignal.HmsMessageServiceOneSignal"
209-->[com.onesignal:OneSignal:4.7.2] AndroidManifest.xml:63:13-68
210            android:exported="false" >
210-->[com.onesignal:OneSignal:4.7.2] AndroidManifest.xml:64:13-37
211            <intent-filter>
211-->[com.onesignal:OneSignal:4.7.2] AndroidManifest.xml:65:13-67:29
212                <action android:name="com.huawei.push.action.MESSAGING_EVENT" />
212-->[com.onesignal:OneSignal:4.7.2] AndroidManifest.xml:66:17-81
212-->[com.onesignal:OneSignal:4.7.2] AndroidManifest.xml:66:25-78
213            </intent-filter>
214        </service>
215
216        <activity
216-->[com.onesignal:OneSignal:4.7.2] AndroidManifest.xml:70:9-78:20
217            android:name="com.onesignal.NotificationOpenedActivityHMS"
217-->[com.onesignal:OneSignal:4.7.2] AndroidManifest.xml:71:13-71
218            android:exported="true"
218-->[com.onesignal:OneSignal:4.7.2] AndroidManifest.xml:72:13-36
219            android:noHistory="true"
219-->[com.onesignal:OneSignal:4.7.2] AndroidManifest.xml:73:13-37
220            android:theme="@android:style/Theme.Translucent.NoTitleBar" >
220-->[com.onesignal:OneSignal:4.7.2] AndroidManifest.xml:74:13-72
221            <intent-filter>
221-->[com.onesignal:OneSignal:4.7.2] AndroidManifest.xml:75:13-77:29
222                <action android:name="android.intent.action.VIEW" />
222-->src\main\AndroidManifest.xml:5:11-63
222-->src\main\AndroidManifest.xml:5:19-60
223            </intent-filter>
224        </activity>
225
226        <service
226-->[com.onesignal:OneSignal:4.7.2] AndroidManifest.xml:80:9-82:40
227            android:name="com.onesignal.FCMIntentService"
227-->[com.onesignal:OneSignal:4.7.2] AndroidManifest.xml:81:13-58
228            android:exported="false" />
228-->[com.onesignal:OneSignal:4.7.2] AndroidManifest.xml:82:13-37
229        <service
229-->[com.onesignal:OneSignal:4.7.2] AndroidManifest.xml:83:9-86:72
230            android:name="com.onesignal.FCMIntentJobService"
230-->[com.onesignal:OneSignal:4.7.2] AndroidManifest.xml:84:13-61
231            android:exported="false"
231-->[com.onesignal:OneSignal:4.7.2] AndroidManifest.xml:85:13-37
232            android:permission="android.permission.BIND_JOB_SERVICE" />
232-->[com.onesignal:OneSignal:4.7.2] AndroidManifest.xml:86:13-69
233        <service
233-->[com.onesignal:OneSignal:4.7.2] AndroidManifest.xml:87:9-90:43
234            android:name="com.onesignal.SyncService"
234-->[com.onesignal:OneSignal:4.7.2] AndroidManifest.xml:88:13-53
235            android:exported="false"
235-->[com.onesignal:OneSignal:4.7.2] AndroidManifest.xml:89:13-37
236            android:stopWithTask="true" />
236-->[com.onesignal:OneSignal:4.7.2] AndroidManifest.xml:90:13-40
237        <service
237-->[com.onesignal:OneSignal:4.7.2] AndroidManifest.xml:91:9-94:72
238            android:name="com.onesignal.SyncJobService"
238-->[com.onesignal:OneSignal:4.7.2] AndroidManifest.xml:92:13-56
239            android:exported="false"
239-->[com.onesignal:OneSignal:4.7.2] AndroidManifest.xml:93:13-37
240            android:permission="android.permission.BIND_JOB_SERVICE" />
240-->[com.onesignal:OneSignal:4.7.2] AndroidManifest.xml:94:13-69
241
242        <activity
242-->[com.onesignal:OneSignal:4.7.2] AndroidManifest.xml:96:9-99:75
243            android:name="com.onesignal.PermissionsActivity"
243-->[com.onesignal:OneSignal:4.7.2] AndroidManifest.xml:97:13-61
244            android:exported="false"
244-->[com.onesignal:OneSignal:4.7.2] AndroidManifest.xml:98:13-37
245            android:theme="@android:style/Theme.Translucent.NoTitleBar" />
245-->[com.onesignal:OneSignal:4.7.2] AndroidManifest.xml:99:13-72
246
247        <receiver
247-->[com.onesignal:OneSignal:4.7.2] AndroidManifest.xml:101:9-103:39
248            android:name="com.onesignal.NotificationDismissReceiver"
248-->[com.onesignal:OneSignal:4.7.2] AndroidManifest.xml:102:13-69
249            android:exported="true" />
249-->[com.onesignal:OneSignal:4.7.2] AndroidManifest.xml:103:13-36
250        <receiver
250-->[com.onesignal:OneSignal:4.7.2] AndroidManifest.xml:104:9-111:20
251            android:name="com.onesignal.BootUpReceiver"
251-->[com.onesignal:OneSignal:4.7.2] AndroidManifest.xml:105:13-56
252            android:exported="true" >
252-->[com.onesignal:OneSignal:4.7.2] AndroidManifest.xml:106:13-36
253            <intent-filter>
253-->[com.onesignal:OneSignal:4.7.2] AndroidManifest.xml:107:13-110:29
254                <action android:name="android.intent.action.BOOT_COMPLETED" />
254-->[com.onesignal:OneSignal:4.7.2] AndroidManifest.xml:108:17-79
254-->[com.onesignal:OneSignal:4.7.2] AndroidManifest.xml:108:25-76
255                <action android:name="android.intent.action.QUICKBOOT_POWERON" />
255-->[com.onesignal:OneSignal:4.7.2] AndroidManifest.xml:109:17-82
255-->[com.onesignal:OneSignal:4.7.2] AndroidManifest.xml:109:25-79
256            </intent-filter>
257        </receiver>
258        <receiver
258-->[com.onesignal:OneSignal:4.7.2] AndroidManifest.xml:112:9-118:20
259            android:name="com.onesignal.UpgradeReceiver"
259-->[com.onesignal:OneSignal:4.7.2] AndroidManifest.xml:113:13-57
260            android:exported="true" >
260-->[com.onesignal:OneSignal:4.7.2] AndroidManifest.xml:114:13-36
261            <intent-filter>
261-->[com.onesignal:OneSignal:4.7.2] AndroidManifest.xml:115:13-117:29
262                <action android:name="android.intent.action.MY_PACKAGE_REPLACED" />
262-->[com.onesignal:OneSignal:4.7.2] AndroidManifest.xml:116:17-84
262-->[com.onesignal:OneSignal:4.7.2] AndroidManifest.xml:116:25-81
263            </intent-filter>
264        </receiver>
265
266        <activity
266-->[com.onesignal:OneSignal:4.7.2] AndroidManifest.xml:120:9-126:75
267            android:name="com.onesignal.NotificationOpenedReceiver"
267-->[com.onesignal:OneSignal:4.7.2] AndroidManifest.xml:121:13-68
268            android:excludeFromRecents="true"
268-->[com.onesignal:OneSignal:4.7.2] AndroidManifest.xml:122:13-46
269            android:exported="true"
269-->[com.onesignal:OneSignal:4.7.2] AndroidManifest.xml:123:13-36
270            android:noHistory="true"
270-->[com.onesignal:OneSignal:4.7.2] AndroidManifest.xml:124:13-37
271            android:taskAffinity=""
271-->[com.onesignal:OneSignal:4.7.2] AndroidManifest.xml:125:13-36
272            android:theme="@android:style/Theme.Translucent.NoTitleBar" />
272-->[com.onesignal:OneSignal:4.7.2] AndroidManifest.xml:126:13-72
273        <activity
273-->[com.onesignal:OneSignal:4.7.2] AndroidManifest.xml:127:9-132:75
274            android:name="com.onesignal.NotificationOpenedReceiverAndroid22AndOlder"
274-->[com.onesignal:OneSignal:4.7.2] AndroidManifest.xml:128:13-85
275            android:excludeFromRecents="true"
275-->[com.onesignal:OneSignal:4.7.2] AndroidManifest.xml:129:13-46
276            android:exported="true"
276-->[com.onesignal:OneSignal:4.7.2] AndroidManifest.xml:130:13-36
277            android:noHistory="true"
277-->[com.onesignal:OneSignal:4.7.2] AndroidManifest.xml:131:13-37
278            android:theme="@android:style/Theme.Translucent.NoTitleBar" />
278-->[com.onesignal:OneSignal:4.7.2] AndroidManifest.xml:132:13-72
279        <activity
279-->[com.facebook.android:facebook-common:5.15.3] AndroidManifest.xml:30:9-33:66
280            android:name="com.facebook.FacebookActivity"
280-->[com.facebook.android:facebook-common:5.15.3] AndroidManifest.xml:31:13-57
281            android:configChanges="keyboard|keyboardHidden|screenLayout|screenSize|orientation"
281-->[com.facebook.android:facebook-common:5.15.3] AndroidManifest.xml:32:13-96
282            android:theme="@style/com_facebook_activity_theme" />
282-->[com.facebook.android:facebook-common:5.15.3] AndroidManifest.xml:33:13-63
283        <activity android:name="com.facebook.CustomTabMainActivity" />
283-->[com.facebook.android:facebook-common:5.15.3] AndroidManifest.xml:34:9-71
283-->[com.facebook.android:facebook-common:5.15.3] AndroidManifest.xml:34:19-68
284        <activity
284-->[com.facebook.android:facebook-common:5.15.3] AndroidManifest.xml:35:9-49:20
285            android:name="com.facebook.CustomTabActivity"
285-->[com.facebook.android:facebook-common:5.15.3] AndroidManifest.xml:36:13-58
286            android:exported="true" >
286-->[com.facebook.android:facebook-common:5.15.3] AndroidManifest.xml:37:13-36
287            <intent-filter>